[debug] [2021-10-19T10:39:19.587Z] ----------------------------------------------------------------------
[debug] [2021-10-19T10:39:19.588Z] Command:       /home/rajdeep/.nvm/versions/node/v14.17.6/bin/node /home/rajdeep/.nvm/versions/node/v14.17.6/bin/firebase deploy
[debug] [2021-10-19T10:39:19.588Z] CLI Version:   9.20.0
[debug] [2021-10-19T10:39:19.589Z] Platform:      linux
[debug] [2021-10-19T10:39:19.589Z] Node Version:  v14.17.6
[debug] [2021-10-19T10:39:19.589Z] Time:          Tue Oct 19 2021 16:09:19 GMT+0530 (India Standard Time)
[debug] [2021-10-19T10:39:19.589Z] ----------------------------------------------------------------------
[debug] 
[debug] [2021-10-19T10:39:19.642Z] > command requires scopes: ["email","openid","https://www.googleapis.com/auth/cloudplatformprojects.readonly","https://www.googleapis.com/auth/firebase","https://www.googleapis.com/auth/cloud-platform"]
[debug] [2021-10-19T10:39:19.642Z] > authorizing via signed-in user (rajdeep.iitp@gmail.com)
[debug] [2021-10-19T10:39:19.642Z] [iam] checking project moonninja-rarity for permissions ["firebase.projects.get","firebasehosting.sites.update"]
[debug] [2021-10-19T10:39:19.644Z] > refreshing access token with scopes: ["email","https://www.googleapis.com/auth/cloud-platform","https://www.googleapis.com/auth/cloudplatformprojects.readonly","https://www.googleapis.com/auth/firebase","openid"]
[debug] [2021-10-19T10:39:19.644Z] >>> HTTP REQUEST POST https://www.googleapis.com/oauth2/v3/token  
 <request body omitted>
[debug] [2021-10-19T10:39:19.932Z] <<< HTTP RESPONSE 200 {"date":"Tue, 19 Oct 2021 10:39:23 GMT","expires":"Mon, 01 Jan 1990 00:00:00 GMT","pragma":"no-cache","cache-control":"no-cache, no-store, max-age=0, must-revalidate","content-type":"application/json; charset=utf-8","vary":"X-Origin, Referer, Origin,Accept-Encoding","server":"scaffolding on HTTPServer2","x-xss-protection":"0","x-frame-options":"SAMEORIGIN","x-content-type-options":"nosniff","alt-svc":"h3=\":443\"; ma=2592000,h3-29=\":443\"; ma=2592000,h3-T051=\":443\"; ma=2592000,h3-Q050=\":443\"; ma=2592000,h3-Q046=\":443\"; ma=2592000,h3-Q043=\":443\"; ma=2592000,quic=\":443\"; ma=2592000; v=\"46,43\"","accept-ranges":"none","transfer-encoding":"chunked"}
[debug] [2021-10-19T10:39:19.946Z] >>> HTTP REQUEST POST https://cloudresourcemanager.googleapis.com/v1/projects/moonninja-rarity:testIamPermissions  
 {"permissions":["firebase.projects.get","firebasehosting.sites.update"]}
[debug] [2021-10-19T10:39:21.591Z] <<< HTTP RESPONSE 200 {"content-type":"application/json; charset=UTF-8","vary":"X-Origin, Referer, Origin,Accept-Encoding","date":"Tue, 19 Oct 2021 10:39:25 GMT","server":"ESF","cache-control":"private","x-xss-protection":"0","x-frame-options":"SAMEORIGIN","x-content-type-options":"nosniff","server-timing":"gfet4t7; dur=1460","alt-svc":"h3=\":443\"; ma=2592000,h3-29=\":443\"; ma=2592000,h3-T051=\":443\"; ma=2592000,h3-Q050=\":443\"; ma=2592000,h3-Q046=\":443\"; ma=2592000,h3-Q043=\":443\"; ma=2592000,quic=\":443\"; ma=2592000; v=\"46,43\"","accept-ranges":"none","transfer-encoding":"chunked"}
[debug] [2021-10-19T10:39:21.591Z] [iam] error while checking permissions, command may fail: FirebaseError: Authorization failed. This account is missing the following required permissions on project moonninja-rarity:

  firebase.projects.get
  firebasehosting.sites.update
[debug] [2021-10-19T10:39:21.592Z] > refreshing access token with scopes: []
[debug] [2021-10-19T10:39:21.592Z] >>> HTTP REQUEST POST https://www.googleapis.com/oauth2/v3/token  
 <request body omitted>
[debug] [2021-10-19T10:39:21.852Z] <<< HTTP RESPONSE 200 {"cache-control":"no-cache, no-store, max-age=0, must-revalidate","pragma":"no-cache","expires":"Mon, 01 Jan 1990 00:00:00 GMT","date":"Tue, 19 Oct 2021 10:39:25 GMT","content-type":"application/json; charset=utf-8","vary":"X-Origin, Referer, Origin,Accept-Encoding","server":"scaffolding on HTTPServer2","x-xss-protection":"0","x-frame-options":"SAMEORIGIN","x-content-type-options":"nosniff","alt-svc":"h3=\":443\"; ma=2592000,h3-29=\":443\"; ma=2592000,h3-T051=\":443\"; ma=2592000,h3-Q050=\":443\"; ma=2592000,h3-Q046=\":443\"; ma=2592000,h3-Q043=\":443\"; ma=2592000,quic=\":443\"; ma=2592000; v=\"46,43\"","accept-ranges":"none","transfer-encoding":"chunked"}
[debug] [2021-10-19T10:39:21.866Z] >>> [apiv2][query] GET https://firebase.googleapis.com/v1beta1/projects/moonninja-rarity [none]
[debug] [2021-10-19T10:39:22.450Z] <<< [apiv2][status] GET https://firebase.googleapis.com/v1beta1/projects/moonninja-rarity 403
[debug] [2021-10-19T10:39:22.450Z] <<< [apiv2][body] GET https://firebase.googleapis.com/v1beta1/projects/moonninja-rarity {"error":{"code":403,"message":"The caller does not have permission","status":"PERMISSION_DENIED"}}
[debug] [2021-10-19T10:39:22.450Z] HTTP Error: 403, The caller does not have permission
[debug] [2021-10-19T10:39:22.453Z] FirebaseError: HTTP Error: 403, The caller does not have permission
    at module.exports (/home/rajdeep/.nvm/versions/node/v14.17.6/lib/node_modules/firebase-tools/lib/responseToError.js:38:12)
    at Client.doRequest (/home/rajdeep/.nvm/versions/node/v14.17.6/lib/node_modules/firebase-tools/lib/apiv2.js:238:23)
    at processTicksAndRejections (internal/process/task_queues.js:95:5)
    at async Client.request (/home/rajdeep/.nvm/versions/node/v14.17.6/lib/node_modules/firebase-tools/lib/apiv2.js:96:20)
    at async Object.getFirebaseProject (/home/rajdeep/.nvm/versions/node/v14.17.6/lib/node_modules/firebase-tools/lib/management/projects.js:290:21)
    at async Object.getDefaultHostingSite (/home/rajdeep/.nvm/versions/node/v14.17.6/lib/node_modules/firebase-tools/lib/getDefaultHostingSite.js:8:21)
    at async requireHostingSite (/home/rajdeep/.nvm/versions/node/v14.17.6/lib/node_modules/firebase-tools/lib/requireHostingSite.js:9:18)
    at async Object.fn (/home/rajdeep/.nvm/versions/node/v14.17.6/lib/node_modules/firebase-tools/lib/commands/deploy.js:65:9)
    at async /home/rajdeep/.nvm/versions/node/v14.17.6/lib/node_modules/firebase-tools/lib/command.js:188:17
[error] 
[error] Error: Failed to get Firebase project moonninja-rarity. Please make sure the project exists and your account has permission to access it.
[debug] [2021-10-19T10:41:16.699Z] ----------------------------------------------------------------------
[debug] [2021-10-19T10:41:16.701Z] Command:       /home/rajdeep/.nvm/versions/node/v14.17.6/bin/node /home/rajdeep/.nvm/versions/node/v14.17.6/bin/firebase deploy
[debug] [2021-10-19T10:41:16.701Z] CLI Version:   9.20.0
[debug] [2021-10-19T10:41:16.701Z] Platform:      linux
[debug] [2021-10-19T10:41:16.701Z] Node Version:  v14.17.6
[debug] [2021-10-19T10:41:16.701Z] Time:          Tue Oct 19 2021 16:11:16 GMT+0530 (India Standard Time)
[debug] [2021-10-19T10:41:16.701Z] ----------------------------------------------------------------------
[debug] 
[debug] [2021-10-19T10:41:16.747Z] > command requires scopes: ["email","openid","https://www.googleapis.com/auth/cloudplatformprojects.readonly","https://www.googleapis.com/auth/firebase","https://www.googleapis.com/auth/cloud-platform"]
[debug] [2021-10-19T10:41:16.747Z] > authorizing via signed-in user (rajdeep.iitp@gmail.com)
[debug] [2021-10-19T10:41:16.747Z] [iam] checking project moonninja-rarity for permissions ["firebase.projects.get","firebasehosting.sites.update"]
[debug] [2021-10-19T10:41:16.749Z] > refreshing access token with scopes: ["email","https://www.googleapis.com/auth/cloud-platform","https://www.googleapis.com/auth/cloudplatformprojects.readonly","https://www.googleapis.com/auth/firebase","openid"]
[debug] [2021-10-19T10:41:16.749Z] >>> HTTP REQUEST POST https://www.googleapis.com/oauth2/v3/token  
 <request body omitted>
[debug] [2021-10-19T10:41:17.041Z] <<< HTTP RESPONSE 200 {"expires":"Mon, 01 Jan 1990 00:00:00 GMT","pragma":"no-cache","cache-control":"no-cache, no-store, max-age=0, must-revalidate","date":"Tue, 19 Oct 2021 10:41:20 GMT","content-type":"application/json; charset=utf-8","vary":"X-Origin, Referer, Origin,Accept-Encoding","server":"scaffolding on HTTPServer2","x-xss-protection":"0","x-frame-options":"SAMEORIGIN","x-content-type-options":"nosniff","alt-svc":"h3=\":443\"; ma=2592000,h3-29=\":443\"; ma=2592000,h3-T051=\":443\"; ma=2592000,h3-Q050=\":443\"; ma=2592000,h3-Q046=\":443\"; ma=2592000,h3-Q043=\":443\"; ma=2592000,quic=\":443\"; ma=2592000; v=\"46,43\"","accept-ranges":"none","transfer-encoding":"chunked"}
[debug] [2021-10-19T10:41:17.054Z] >>> HTTP REQUEST POST https://cloudresourcemanager.googleapis.com/v1/projects/moonninja-rarity:testIamPermissions  
 {"permissions":["firebase.projects.get","firebasehosting.sites.update"]}
[debug] [2021-10-19T10:41:18.585Z] <<< HTTP RESPONSE 200 {"content-type":"application/json; charset=UTF-8","vary":"X-Origin, Referer, Origin,Accept-Encoding","date":"Tue, 19 Oct 2021 10:41:22 GMT","server":"ESF","cache-control":"private","x-xss-protection":"0","x-frame-options":"SAMEORIGIN","x-content-type-options":"nosniff","server-timing":"gfet4t7; dur=1351","alt-svc":"h3=\":443\"; ma=2592000,h3-29=\":443\"; ma=2592000,h3-T051=\":443\"; ma=2592000,h3-Q050=\":443\"; ma=2592000,h3-Q046=\":443\"; ma=2592000,h3-Q043=\":443\"; ma=2592000,quic=\":443\"; ma=2592000; v=\"46,43\"","accept-ranges":"none","transfer-encoding":"chunked"}
[debug] [2021-10-19T10:41:18.585Z] [iam] error while checking permissions, command may fail: FirebaseError: Authorization failed. This account is missing the following required permissions on project moonninja-rarity:

  firebase.projects.get
  firebasehosting.sites.update
[debug] [2021-10-19T10:41:18.586Z] > refreshing access token with scopes: []
[debug] [2021-10-19T10:41:18.586Z] >>> HTTP REQUEST POST https://www.googleapis.com/oauth2/v3/token  
 <request body omitted>
[debug] [2021-10-19T10:41:18.837Z] <<< HTTP RESPONSE 200 {"expires":"Mon, 01 Jan 1990 00:00:00 GMT","date":"Tue, 19 Oct 2021 10:41:22 GMT","cache-control":"no-cache, no-store, max-age=0, must-revalidate","pragma":"no-cache","content-type":"application/json; charset=utf-8","vary":"X-Origin, Referer, Origin,Accept-Encoding","server":"scaffolding on HTTPServer2","x-xss-protection":"0","x-frame-options":"SAMEORIGIN","x-content-type-options":"nosniff","alt-svc":"h3=\":443\"; ma=2592000,h3-29=\":443\"; ma=2592000,h3-T051=\":443\"; ma=2592000,h3-Q050=\":443\"; ma=2592000,h3-Q046=\":443\"; ma=2592000,h3-Q043=\":443\"; ma=2592000,quic=\":443\"; ma=2592000; v=\"46,43\"","accept-ranges":"none","transfer-encoding":"chunked"}
[debug] [2021-10-19T10:41:18.850Z] >>> [apiv2][query] GET https://firebase.googleapis.com/v1beta1/projects/moonninja-rarity [none]
[debug] [2021-10-19T10:41:19.355Z] <<< [apiv2][status] GET https://firebase.googleapis.com/v1beta1/projects/moonninja-rarity 403
[debug] [2021-10-19T10:41:19.356Z] <<< [apiv2][body] GET https://firebase.googleapis.com/v1beta1/projects/moonninja-rarity {"error":{"code":403,"message":"The caller does not have permission","status":"PERMISSION_DENIED"}}
[debug] [2021-10-19T10:41:19.356Z] HTTP Error: 403, The caller does not have permission
[debug] [2021-10-19T10:41:19.359Z] FirebaseError: HTTP Error: 403, The caller does not have permission
    at module.exports (/home/rajdeep/.nvm/versions/node/v14.17.6/lib/node_modules/firebase-tools/lib/responseToError.js:38:12)
    at Client.doRequest (/home/rajdeep/.nvm/versions/node/v14.17.6/lib/node_modules/firebase-tools/lib/apiv2.js:238:23)
    at processTicksAndRejections (internal/process/task_queues.js:95:5)
    at async Client.request (/home/rajdeep/.nvm/versions/node/v14.17.6/lib/node_modules/firebase-tools/lib/apiv2.js:96:20)
    at async Object.getFirebaseProject (/home/rajdeep/.nvm/versions/node/v14.17.6/lib/node_modules/firebase-tools/lib/management/projects.js:290:21)
    at async Object.getDefaultHostingSite (/home/rajdeep/.nvm/versions/node/v14.17.6/lib/node_modules/firebase-tools/lib/getDefaultHostingSite.js:8:21)
    at async requireHostingSite (/home/rajdeep/.nvm/versions/node/v14.17.6/lib/node_modules/firebase-tools/lib/requireHostingSite.js:9:18)
    at async Object.fn (/home/rajdeep/.nvm/versions/node/v14.17.6/lib/node_modules/firebase-tools/lib/commands/deploy.js:65:9)
    at async /home/rajdeep/.nvm/versions/node/v14.17.6/lib/node_modules/firebase-tools/lib/command.js:188:17
[error] 
[error] Error: Failed to get Firebase project moonninja-rarity. Please make sure the project exists and your account has permission to access it.
[debug] [2021-10-20T12:10:00.374Z] ----------------------------------------------------------------------
[debug] [2021-10-20T12:10:00.376Z] Command:       /home/rajdeep/.nvm/versions/node/v14.17.6/bin/node /home/rajdeep/.nvm/versions/node/v14.17.6/bin/firebase deploy
[debug] [2021-10-20T12:10:00.376Z] CLI Version:   9.20.0
[debug] [2021-10-20T12:10:00.376Z] Platform:      linux
[debug] [2021-10-20T12:10:00.376Z] Node Version:  v14.17.6
[debug] [2021-10-20T12:10:00.379Z] Time:          Wed Oct 20 2021 17:40:00 GMT+0530 (India Standard Time)
[debug] [2021-10-20T12:10:00.379Z] ----------------------------------------------------------------------
[debug] 
[debug] [2021-10-20T12:10:00.381Z] >>> [apiv2][query] GET https://firebase-public.firebaseio.com/cli.json [none]
[debug] [2021-10-20T12:10:00.448Z] > command requires scopes: ["email","openid","https://www.googleapis.com/auth/cloudplatformprojects.readonly","https://www.googleapis.com/auth/firebase","https://www.googleapis.com/auth/cloud-platform"]
[debug] [2021-10-20T12:10:00.448Z] > authorizing via signed-in user (rajdeep.iitp@gmail.com)
[debug] [2021-10-20T12:10:00.448Z] [iam] checking project moonninja-rarity for permissions ["firebase.projects.get","firebasehosting.sites.update"]
[debug] [2021-10-20T12:10:00.449Z] > refreshing access token with scopes: ["email","https://www.googleapis.com/auth/cloud-platform","https://www.googleapis.com/auth/cloudplatformprojects.readonly","https://www.googleapis.com/auth/firebase","openid"]
[debug] [2021-10-20T12:10:00.449Z] >>> HTTP REQUEST POST https://www.googleapis.com/oauth2/v3/token  
 <request body omitted>
[debug] [2021-10-20T12:10:01.006Z] <<< HTTP RESPONSE 200 {"cache-control":"no-cache, no-store, max-age=0, must-revalidate","expires":"Mon, 01 Jan 1990 00:00:00 GMT","pragma":"no-cache","date":"Wed, 20 Oct 2021 12:10:03 GMT","content-type":"application/json; charset=utf-8","vary":"X-Origin, Referer, Origin,Accept-Encoding","server":"scaffolding on HTTPServer2","x-xss-protection":"0","x-frame-options":"SAMEORIGIN","x-content-type-options":"nosniff","alt-svc":"h3=\":443\"; ma=2592000,h3-29=\":443\"; ma=2592000,h3-T051=\":443\"; ma=2592000,h3-Q050=\":443\"; ma=2592000,h3-Q046=\":443\"; ma=2592000,h3-Q043=\":443\"; ma=2592000,quic=\":443\"; ma=2592000; v=\"46,43\"","accept-ranges":"none","transfer-encoding":"chunked"}
[debug] [2021-10-20T12:10:01.026Z] >>> HTTP REQUEST POST https://cloudresourcemanager.googleapis.com/v1/projects/moonninja-rarity:testIamPermissions  
 {"permissions":["firebase.projects.get","firebasehosting.sites.update"]}
[debug] [2021-10-20T12:10:01.619Z] <<< [apiv2][status] GET https://firebase-public.firebaseio.com/cli.json 200
[debug] [2021-10-20T12:10:01.619Z] <<< [apiv2][body] GET https://firebase-public.firebaseio.com/cli.json {"cloudBuildErrorAfter":1594252800000,"cloudBuildWarnAfter":1590019200000,"defaultNode10After":1594252800000,"minVersion":"3.0.5","node8DeploysDisabledAfter":1613390400000,"node8RuntimeDisabledAfter":1615809600000,"node8WarnAfter":1600128000000}
[debug] [2021-10-20T12:10:02.759Z] <<< HTTP RESPONSE 200 {"content-type":"application/json; charset=UTF-8","vary":"X-Origin, Referer, Origin,Accept-Encoding","date":"Wed, 20 Oct 2021 12:10:05 GMT","server":"ESF","cache-control":"private","x-xss-protection":"0","x-frame-options":"SAMEORIGIN","x-content-type-options":"nosniff","server-timing":"gfet4t7; dur=1438","alt-svc":"h3=\":443\"; ma=2592000,h3-29=\":443\"; ma=2592000,h3-T051=\":443\"; ma=2592000,h3-Q050=\":443\"; ma=2592000,h3-Q046=\":443\"; ma=2592000,h3-Q043=\":443\"; ma=2592000,quic=\":443\"; ma=2592000; v=\"46,43\"","accept-ranges":"none","transfer-encoding":"chunked"}
[debug] [2021-10-20T12:10:02.759Z] [iam] error while checking permissions, command may fail: FirebaseError: Authorization failed. This account is missing the following required permissions on project moonninja-rarity:

  firebase.projects.get
  firebasehosting.sites.update
[debug] [2021-10-20T12:10:02.760Z] > refreshing access token with scopes: []
[debug] [2021-10-20T12:10:02.760Z] >>> HTTP REQUEST POST https://www.googleapis.com/oauth2/v3/token  
 <request body omitted>
[debug] [2021-10-20T12:10:03.026Z] <<< HTTP RESPONSE 200 {"date":"Wed, 20 Oct 2021 12:10:05 GMT","pragma":"no-cache","expires":"Mon, 01 Jan 1990 00:00:00 GMT","cache-control":"no-cache, no-store, max-age=0, must-revalidate","content-type":"application/json; charset=utf-8","vary":"X-Origin, Referer, Origin,Accept-Encoding","server":"scaffolding on HTTPServer2","x-xss-protection":"0","x-frame-options":"SAMEORIGIN","x-content-type-options":"nosniff","alt-svc":"h3=\":443\"; ma=2592000,h3-29=\":443\"; ma=2592000,h3-T051=\":443\"; ma=2592000,h3-Q050=\":443\"; ma=2592000,h3-Q046=\":443\"; ma=2592000,h3-Q043=\":443\"; ma=2592000,quic=\":443\"; ma=2592000; v=\"46,43\"","accept-ranges":"none","transfer-encoding":"chunked"}
[debug] [2021-10-20T12:10:03.040Z] >>> [apiv2][query] GET https://firebase.googleapis.com/v1beta1/projects/moonninja-rarity [none]
[debug] [2021-10-20T12:10:03.622Z] <<< [apiv2][status] GET https://firebase.googleapis.com/v1beta1/projects/moonninja-rarity 403
[debug] [2021-10-20T12:10:03.622Z] <<< [apiv2][body] GET https://firebase.googleapis.com/v1beta1/projects/moonninja-rarity {"error":{"code":403,"message":"The caller does not have permission","status":"PERMISSION_DENIED"}}
[debug] [2021-10-20T12:10:03.623Z] HTTP Error: 403, The caller does not have permission
[debug] [2021-10-20T12:10:03.627Z] FirebaseError: HTTP Error: 403, The caller does not have permission
    at module.exports (/home/rajdeep/.nvm/versions/node/v14.17.6/lib/node_modules/firebase-tools/lib/responseToError.js:38:12)
    at Client.doRequest (/home/rajdeep/.nvm/versions/node/v14.17.6/lib/node_modules/firebase-tools/lib/apiv2.js:238:23)
    at processTicksAndRejections (internal/process/task_queues.js:95:5)
    at async Client.request (/home/rajdeep/.nvm/versions/node/v14.17.6/lib/node_modules/firebase-tools/lib/apiv2.js:96:20)
    at async Object.getFirebaseProject (/home/rajdeep/.nvm/versions/node/v14.17.6/lib/node_modules/firebase-tools/lib/management/projects.js:290:21)
    at async Object.getDefaultHostingSite (/home/rajdeep/.nvm/versions/node/v14.17.6/lib/node_modules/firebase-tools/lib/getDefaultHostingSite.js:8:21)
    at async requireHostingSite (/home/rajdeep/.nvm/versions/node/v14.17.6/lib/node_modules/firebase-tools/lib/requireHostingSite.js:9:18)
    at async Object.fn (/home/rajdeep/.nvm/versions/node/v14.17.6/lib/node_modules/firebase-tools/lib/commands/deploy.js:65:9)
    at async /home/rajdeep/.nvm/versions/node/v14.17.6/lib/node_modules/firebase-tools/lib/command.js:188:17
[error] 
[error] Error: Failed to get Firebase project moonninja-rarity. Please make sure the project exists and your account has permission to access it.
